
> docs-website@1.0.0 start
> docusaurus start

[INFO] Starting the development server...
[WARNING] The `siteConfig.onBrokenMarkdownLinks` config option is deprecated and will be removed in Docusaurus v4.
Please migrate and move this option to `siteConfig.markdown.hooks.onBrokenMarkdownLinks` instead.
[SUCCESS] Docusaurus website is running at: http://localhost:3000/BookProject/
[90m[[90mwebpackbar[90m][39m [36mℹ[39m Compiling Client
[90m[[90mwebpackbar[90m][39m [32m✔[39m Client: Compiled successfully in 13.67s
[1mclient[39m[22m (webpack 5.103.0) compiled [1m[32msuccessfully[39m[22m
[90m[[90mwebpackbar[90m][39m [36mℹ[39m Compiling Client
[90m[[90mwebpackbar[90m][39m [32m✔[39m Client: Compiled successfully in 738.75ms
[1mclient[39m[22m (webpack 5.103.0) compiled [1m[32msuccessfully[39m[22m
[90m[[90mwebpackbar[90m][39m [36mℹ[39m Compiling Client
[90m[[90mwebpackbar[90m][39m [32m✔[39m Client: Compiled successfully in 264.43ms
[1mclient[39m[22m (webpack 5.103.0) compiled [1m[32msuccessfully[39m[22m
[90m[[90mwebpackbar[90m][39m [36mℹ[39m Compiling Client
[90m[[90mwebpackbar[90m][39m [32m✔[39m Client: Compiled successfully in 382.75ms
[1mclient[39m[22m (webpack 5.103.0) compiled [1m[32msuccessfully[39m[22m
[90m[[90mwebpackbar[90m][39m [36mℹ[39m Compiling Client
[90m[[90mwebpackbar[90m][39m [32m✔[39m Client: Compiled successfully in 707.65ms
[1mclient[39m[22m (webpack 5.103.0) compiled [1m[32msuccessfully[39m[22m
[90m[[90mwebpackbar[90m][39m [36mℹ[39m Compiling Client
[90m[[90mwebpackbar[90m][39m [32m✔[39m Client: Compiled successfully in 198.96ms
[1mclient[39m[22m (webpack 5.103.0) compiled [1m[32msuccessfully[39m[22m
[90m[[90mwebpackbar[90m][39m [36mℹ[39m Compiling Client
[90m[[90mwebpackbar[90m][39m [32m✔[39m Client: Compiled successfully in 212.76ms
[1mclient[39m[22m (webpack 5.103.0) compiled [1m[32msuccessfully[39m[22m
[WARNING] The `siteConfig.onBrokenMarkdownLinks` config option is deprecated and will be removed in Docusaurus v4.
Please migrate and move this option to `siteConfig.markdown.hooks.onBrokenMarkdownLinks` instead.
[90m[[90mwebpackbar[90m][39m [36mℹ[39m Compiling Client
[90m[[90mwebpackbar[90m][39m [32m✔[39m Client: Compiled successfully in 147.31ms
[1mclient[39m[22m (webpack 5.103.0) compiled [1m[32msuccessfully[39m[22m
[90m[[90mwebpackbar[90m][39m [36mℹ[39m Compiling Client
[90m[[90mwebpackbar[90m][39m [32m✔[39m Client: Compiled successfully in 120.66ms
[1mclient[39m[22m (webpack 5.103.0) compiled [1m[32msuccessfully[39m[22m
[WARNING] The `siteConfig.onBrokenMarkdownLinks` config option is deprecated and will be removed in Docusaurus v4.
Please migrate and move this option to `siteConfig.markdown.hooks.onBrokenMarkdownLinks` instead.
[90m[[90mwebpackbar[90m][39m [36mℹ[39m Compiling Client
[90m[[90mwebpackbar[90m][39m [32m✔[39m Client: Compiled successfully in 162.23ms
[1mclient[39m[22m (webpack 5.103.0) compiled [1m[32msuccessfully[39m[22m
[90m[[90mwebpackbar[90m][39m [36mℹ[39m Compiling Client
[90m[[90mwebpackbar[90m][39m [32m✔[39m Client: Compiled successfully in 890.55ms
[1mclient[39m[22m (webpack 5.103.0) compiled [1m[32msuccessfully[39m[22m
[90m[[90mwebpackbar[90m][39m [36mℹ[39m Compiling Client
[90m[[90mwebpackbar[90m][39m [32m✔[39m Client: Compiled successfully in 228.00ms
[1mclient[39m[22m (webpack 5.103.0) compiled [1m[32msuccessfully[39m[22m
[90m[[90mwebpackbar[90m][39m [36mℹ[39m Compiling Client
[90m[[90mwebpackbar[90m][39m [32m✔[39m Client: Compiled successfully in 299.54ms
[1mclient[39m[22m (webpack 5.103.0) compiled [1m[32msuccessfully[39m[22m
[90m[[90mwebpackbar[90m][39m [36mℹ[39m Compiling Client
[90m[[90mwebpackbar[90m][39m [32m✔[39m Client: Compiled successfully in 545.21ms
[1mclient[39m[22m (webpack 5.103.0) compiled [1m[32msuccessfully[39m[22m
[90m[[90mwebpackbar[90m][39m [36mℹ[39m Compiling Client
[90m[[90mwebpackbar[90m][39m [32m✔[39m Client: Compiled successfully in 266.61ms
[1mclient[39m[22m (webpack 5.103.0) compiled [1m[32msuccessfully[39m[22m
[90m[[90mwebpackbar[90m][39m [36mℹ[39m Compiling Client
[90m[[90mwebpackbar[90m][39m [32m✔[39m Client: Compiled successfully in 330.71ms
[1mclient[39m[22m (webpack 5.103.0) compiled [1m[32msuccessfully[39m[22m
[90m[[90mwebpackbar[90m][39m [36mℹ[39m Compiling Client
[90m[[90mwebpackbar[90m][39m [32m✔[39m Client: Compiled successfully in 368.25ms
[1mclient[39m[22m (webpack 5.103.0) compiled [1m[32msuccessfully[39m[22m
[90m[[90mwebpackbar[90m][39m [36mℹ[39m Compiling Client
[90m[[90mwebpackbar[90m][39m [32m✔[39m Client: Compiled successfully in 387.12ms
[1mclient[39m[22m (webpack 5.103.0) compiled [1m[32msuccessfully[39m[22m
[90m[[90mwebpackbar[90m][39m [36mℹ[39m Compiling Client
[90m[[90mwebpackbar[90m][39m [32m✔[39m Client: Compiled successfully in 163.63ms
[1mclient[39m[22m (webpack 5.103.0) compiled [1m[32msuccessfully[39m[22m
[90m[[90mwebpackbar[90m][39m [36mℹ[39m Compiling Client
[90m[[90mwebpackbar[90m][39m [32m✔[39m Client: Compiled successfully in 148.30ms
[1mclient[39m[22m (webpack 5.103.0) compiled [1m[32msuccessfully[39m[22m
[90m[[90mwebpackbar[90m][39m [36mℹ[39m Compiling Client
[90m[[90mwebpackbar[90m][39m [32m✔[39m Client: Compiled successfully in 299.61ms
[1mclient[39m[22m (webpack 5.103.0) compiled [1m[32msuccessfully[39m[22m
[90m[[90mwebpackbar[90m][39m [36mℹ[39m Compiling Client
[90m[[90mwebpackbar[90m][39m [32m✔[39m Client: Compiled successfully in 265.17ms
[1mclient[39m[22m (webpack 5.103.0) compiled [1m[32msuccessfully[39m[22m
[90m[[90mwebpackbar[90m][39m [36mℹ[39m Compiling Client
[90m[[90mwebpackbar[90m][39m [32m✔[39m Client: Compiled successfully in 324.97ms
[1mclient[39m[22m (webpack 5.103.0) compiled [1m[32msuccessfully[39m[22m
[90m[[90mwebpackbar[90m][39m [36mℹ[39m Compiling Client
[90m[[90mwebpackbar[90m][39m [32m✔[39m Client: Compiled successfully in 196.03ms
[1mclient[39m[22m (webpack 5.103.0) compiled [1m[32msuccessfully[39m[22m
[90m[[90mwebpackbar[90m][39m [36mℹ[39m Compiling Client
[90m[[90mwebpackbar[90m][39m [32m✔[39m Client: Compiled successfully in 267.70ms
[1mclient[39m[22m (webpack 5.103.0) compiled [1m[32msuccessfully[39m[22m
[90m[[90mwebpackbar[90m][39m [36mℹ[39m Compiling Client
[90m[[90mwebpackbar[90m][39m [32m✔[39m Client: Compiled successfully in 322.19ms
[1mclient[39m[22m (webpack 5.103.0) compiled [1m[32msuccessfully[39m[22m
[90m[[90mwebpackbar[90m][39m [36mℹ[39m Compiling Client
[90m[[90mwebpackbar[90m][39m [32m✔[39m Client: Compiled successfully in 233.64ms
[1mclient[39m[22m (webpack 5.103.0) compiled [1m[32msuccessfully[39m[22m
[90m[[90mwebpackbar[90m][39m [36mℹ[39m Compiling Client
[90m[[90mwebpackbar[90m][39m [32m✔[39m Client: Compiled successfully in 247.75ms
[1mclient[39m[22m (webpack 5.103.0) compiled [1m[32msuccessfully[39m[22m
